IonicCordovaProject1/bin/Android/Debug/manifest-merger-debug-report.txt
-- Merging decision tree log ---
manifest
ADDED from AndroidManifest.xml:2:1
	android:hardwareAccelerated
		ADDED from AndroidManifest.xml:2:11
	xmlns:android
		ADDED from AndroidManifest.xml:2:161
	package
		ADDED from AndroidManifest.xml:2:102
	android:versionName
		ADDED from AndroidManifest.xml:2:74
	android:versionCode
		ADDED from AndroidManifest.xml:2:46
		INJECTED from AndroidManifest.xml:0:0
		INJECTED from AndroidManifest.xml:0:0
supports-screens
ADDED from AndroidManifest.xml:3:5
	android:resizeable
		ADDED from AndroidManifest.xml:3:106
	android:largeScreens
		ADDED from AndroidManifest.xml:3:49
	android:anyDensity
		ADDED from AndroidManifest.xml:3:23
	android:normalScreens
		ADDED from AndroidManifest.xml:3:77
	android:xlargeScreens
		ADDED from AndroidManifest.xml:3:160
	android:smallScreens
		ADDED from AndroidManifest.xml:3:132
uses-permission#android.permission.INTERNET
ADDED from AndroidManifest.xml:4:5
	android:name
		ADDED from AndroidManifest.xml:4:22
application
ADDED from AndroidManifest.xml:5:5
	android:supportsRtl
		ADDED from AndroidManifest.xml:5:116
	android:label
		ADDED from AndroidManifest.xml:5:83
	android:icon
		ADDED from AndroidManifest.xml:5:53
	android:hardwareAccelerated
		ADDED from AndroidManifest.xml:5:18
activity#io.cordova.myappe2785d518e9f4f6ea03055878dd7a400.MainActivity
ADDED from AndroidManifest.xml:6:9
	android:windowSoftInputMode
		ADDED from AndroidManifest.xml:6:285
	android:screenOrientation
		ADDED from AndroidManifest.xml:6:194
	android:label
		ADDED from AndroidManifest.xml:6:97
	android:configChanges
		ADDED from AndroidManifest.xml:6:19
	android:theme
		ADDED from AndroidManifest.xml:6:231
	android:name
		ADDED from AndroidManifest.xml:6:166
	android:launchMode
		ADDED from AndroidManifest.xml:6:135
intent-filter#android.intent.action.MAIN+android.intent.category.LAUNCHER
ADDED from AndroidManifest.xml:7:13
	android:label
		ADDED from AndroidManifest.xml:7:28
action#android.intent.action.MAIN
ADDED from AndroidManifest.xml:8:17
	android:name
		ADDED from AndroidManifest.xml:8:25
category#android.intent.category.LAUNCHER
ADDED from AndroidManifest.xml:9:17
	android:name
		ADDED from AndroidManifest.xml:9:27
activity#com.plugin.gcm.PushHandlerActivity
ADDED from AndroidManifest.xml:12:9
	android:exported
		ADDED from AndroidManifest.xml:12:19
	android:name
		ADDED from AndroidManifest.xml:12:43
receiver#com.plugin.gcm.CordovaGCMBroadcastReceiver
ADDED from AndroidManifest.xml:13:9
	android:permission
		ADDED from AndroidManifest.xml:13:77
	android:name
		ADDED from AndroidManifest.xml:13:19
intent-filter#com.google.android.c2dm.intent.RECEIVE+com.google.android.c2dm.intent.REGISTRATION+io.cordova.myappe2785d518e9f4f6ea03055878dd7a400
ADDED from AndroidManifest.xml:14:13
action#com.google.android.c2dm.intent.RECEIVE
ADDED from AndroidManifest.xml:15:17
	android:name
		ADDED from AndroidManifest.xml:15:25
action#com.google.android.c2dm.intent.REGISTRATION
ADDED from AndroidManifest.xml:16:17
	android:name
		ADDED from AndroidManifest.xml:16:25
category#io.cordova.myappe2785d518e9f4f6ea03055878dd7a400
ADDED from AndroidManifest.xml:17:17
	android:name
		ADDED from AndroidManifest.xml:17:27
service#com.plugin.gcm.GCMIntentService
ADDED from AndroidManifest.xml:20:9
	android:name
		ADDED from AndroidManifest.xml:20:18
activity#com.synconset.MultiImageChooserActivity
ADDED from AndroidManifest.xml:21:9
	android:label
		ADDED from AndroidManifest.xml:21:19
	android:theme
		ADDED from AndroidManifest.xml:21:113
	android:name
		ADDED from AndroidManifest.xml:21:58
uses-sdk
ADDED from AndroidManifest.xml:23:5
MERGED from android:CordovaLib:unspecified:debug:25:5
	android:targetSdkVersion
		ADDED from AndroidManifest.xml:23:42
	android:minSdkVersion
		ADDED from AndroidManifest.xml:23:15
uses-permission#android.permission.ACCESS_NETWORK_STATE
ADDED from AndroidManifest.xml:24:5
	android:name
		ADDED from AndroidManifest.xml:24:22
uses-permission#android.permission.GET_ACCOUNTS
ADDED from AndroidManifest.xml:25:5
	android:name
		ADDED from AndroidManifest.xml:25:22
uses-permission#android.permission.WAKE_LOCK
ADDED from AndroidManifest.xml:26:5
	android:name
		ADDED from AndroidManifest.xml:26:22
uses-permission#android.permission.VIBRATE
ADDED from AndroidManifest.xml:27:5
	android:name
		ADDED from AndroidManifest.xml:27:22
uses-permission#com.google.android.c2dm.permission.RECEIVE
ADDED from AndroidManifest.xml:28:5
	android:name
		ADDED from AndroidManifest.xml:28:22
permission#io.cordova.myappe2785d518e9f4f6ea03055878dd7a400.permission.C2D_MESSAGE
ADDED from AndroidManifest.xml:29:5
	android:protectionLevel
		ADDED from AndroidManifest.xml:29:104
	android:name
		ADDED from AndroidManifest.xml:29:17
uses-permission#io.cordova.myappe2785d518e9f4f6ea03055878dd7a400.permission.C2D_MESSAGE
ADDED from AndroidManifest.xml:30:5
	android:name
		ADDED from AndroidManifest.xml:30:22
uses-permission#android.permission.WRITE_EXTERNAL_STORAGE
ADDED from AndroidManifest.xml:31:5
	android:name
		ADDED from AndroidManifest.xml:31:22
uses-permission#android.permission.MODIFY_AUDIO_SETTINGS
ADDED from AndroidManifest.xml:32:5
	android:name
		ADDED from AndroidManifest.xml:32:22
uses-permission#android.permission.READ_PHONE_STATE
ADDED from AndroidManifest.xml:33:5
	android:name
		ADDED from AndroidManifest.xml:33:22